     1  0000: 02 01 00  	LJMP START
     2                  
     3  0100:           	ORG 100H
     4                  
     5  0100:           START:	
     6                  
     7  0100: 12 81 1C  	LCALL WAIT_KEY
     8                  
     9  0103: C2 97     	CLR P1.7
    10                  	
    11  0105: 20 E0 04  	JB ACC.0, L1
    12                  
    13  0108: 74 01     	MOV A,#1
    14                  
    15  010A: 80 02     	SJMP L2
    16                  
    17  010C:           L1:	
    18                  
    19  010C: 74 0A     	MOV A,#10
    20                  
    21  010E:           L2:
    22                  
    23  010E: 12 81 12  	LCALL DELAY_100MS
    24                  
    25  0111: D2 97     	SETB P1.7
    26                  
    27  0113: 80 EB     	SJMP START
