     1  0000: 02 01 00  	LJMP START
     2                  
     3  0100:           	ORG 100H
     4                  
     5  0100:           START:	
     6                  
     7  0100: 12 81 1C  	LCALL WAIT_KEY
     8                  
     9  0103: F5 F0     	MOV B,A
    10                  
    11  0105: 12 81 1C  	LCALL WAIT_KEY
    12                  
    13  0108: C2 97     	CLR P1.7
    14                  
    15  010A: B5 F0 00  	CJNE A, B, L3
    16                  
    17  010D:           L3:	
    18                  
    19  010D: 40 04     	JC L1
    20                  
    21  010F: 74 0A     	MOV A,#10
    22                  
    23  0111: 80 02     	SJMP L2
    24                  
    25  0113:           L1:	
    26                  
    27  0113: 74 01     	MOV A,#1
    28                  
    29  0115:           L2:
    30                  
    31  0115: 12 81 12  	LCALL DELAY_100MS
    32                  
    33  0118: D2 97     	SETB P1.7
    34                  
    35  011A: 80 E4     	SJMP START
