     1  0000: 02 01 00  	LJMP START
     2                  
     3  0100:           	ORG 100H
     4                  
     5  0100:           START:	
     6                  
     7  0100: 78 00     	MOV R0,#0
     8                  		
     9  0102: C2 97     L1:	CLR P1.7
    10                  	
    11  0104: 74 0A     	MOV A,#10
    12                  
    13  0106: 12 81 12  	LCALL DELAY_100MS
    14                  
    15  0109: D2 97     	SETB P1.7
    16                  
    17  010B: 74 0A     	MOV A,#10
    18                  
    19  010D: 12 81 12  	LCALL DELAY_100MS
    20                  
    21  0110: 08        	INC R0
    22                  
    23  0111: B8 0A EE  	CJNE R0,#10,L1
    24                  
    25  0114: 80 EA     	SJMP START
