     1  0000: 02 01 00  	LJMP START
     2                  
     3  0100:           	ORG 100H
     4                  
     5  0100:           START:	
     6                  
     7  0100: 12 81 1C  	LCALL WAIT_KEY
     8                  
     9  0103: 60 11     	JZ STOP
    10                  
    11  0105: F8        	MOV R0,A
    12                  		
    13  0106: C2 97     L1:	CLR P1.7
    14                  	
    15  0108: 74 0A     	MOV A,#10
    16                  
    17  010A: 12 81 12  	LCALL DELAY_100MS
    18                  
    19  010D: D2 97     	SETB P1.7
    20                  
    21  010F: 74 0A     	MOV A,#10
    22                  
    23  0111: 12 81 12  	LCALL DELAY_100MS
    24                  
    25  0114: D8 F0     	DJNZ R0,L1
    26                  
    27  0116:           STOP:
    28                  
    29  0116: 80 FE     	SJMP STOP
