     1                  
     2  0000: 02 01 00  	LJMP	START
     3  0100:           	ORG	100H
     4                  
     5  0100:           START:
     6  0100: 12 81 0C  	LCALL LCD_CLR
     7  0103: 12 01 0D  	LCALL SKANUJ
     8  0106: 60 F8     	JZ START
     9  0108: 12 81 04  	LCALL WRITE_HEX
    10                  
    11  010B:           STOP:
    12  010B: 80 FE     	SJMP	STOP
    13                  
    14  010D:           SKANUJ:
    15                  
    16  010D: 78 30     	MOV R0, #CSDS
    17                  
    18  010F: 79 01     	MOV R1, #00000001B
    19  0111: 7A 00     	MOV R2, #00000000B
    20  0113: 7B 06     	MOV R3, #6
    21                  	
    22                  
    23  0115: E9        LOOP:	MOV A, R1
    24  0116: F2        	MOVX @R0, A
    25  0117: 30 B5 02  	JNB P3.5, L1
    26  011A: 4A        	ORL A, R2
    27  011B: FA        	MOV R2, A
    28                  
    29  011C: E9        L1:	MOV A, R1
    30  011D: 23        	RL A
    31  011E: F9        	MOV R1, A
    32                  	
    33  011F: DB F4     	DJNZ R3, LOOP
    34  0121: EA        	MOV A, R2
    35  0122: 22        	RET
