     1                  
     2  0000: 02 01 00  	LJMP	START
     3  0100:           	ORG	100H
     4                  
     5  0100:           START:
     6  0100: 12 81 0C  	LCALL LCD_CLR
     7  0103: 7C 00     	MOV R4, #0
     8  0105: 12 01 21  L1:	LCALL SKANUJ
     9  0108: B4 01 FA  	CJNE A, #00000001B, L1
    10                  
    11  010B: 74 02     	MOV A,#2
    12  010D: 12 81 10  	LCALL DELAY_MS
    13                  
    14  0110: 12 01 21  L2:	LCALL SKANUJ
    15  0113: 70 FB     	JNZ L2
    16                  
    17  0115: 74 02     	MOV A,#2
    18  0117: 12 81 10  	LCALL DELAY_MS
    19                  
    20  011A: 0C        	INC R4
    21  011B: EC        	MOV A, R4
    22  011C: 12 81 04  	LCALL WRITE_HEX
    23                  
    24  011F: 80 E4     	SJMP	L1
    25                  
    26  0121:           SKANUJ:
    27                  
    28  0121: 78 30     	MOV R0, #CSDS
    29                  
    30  0123: 79 01     	MOV R1, #00000001B
    31  0125: 7A 00     	MOV R2, #00000000B
    32  0127: 7B 06     	MOV R3, #6
    33                  	
    34                  
    35  0129: E9        LOOP:	MOV A, R1
    36  012A: F2        	MOVX @R0, A
    37  012B: 30 B5 02  	JNB P3.5, L11
    38  012E: 4A        	ORL A, R2
    39  012F: FA        	MOV R2, A
    40                  
    41  0130: E9        L11:	MOV A, R1
    42  0131: 23        	RL A
    43  0132: F9        	MOV R1, A
    44                  	
    45  0133: DB F4     	DJNZ R3, LOOP
    46  0135: EA        	MOV A, R2
    47  0136: 22        	RET
