     1                  
     2  0000: 02 01 00  	LJMP	START
     3  0100:           	ORG	100H
     4                  
     5  0100:           START:
     6  0100: 12 81 0C  	LCALL LCD_CLR
     7  0103: 12 01 0B  	LCALL WAITKEYS
     8  0106: 12 81 04  	LCALL WRITE_HEX
     9                  
    10  0109:           STOP:
    11  0109: 80 FE     	SJMP	STOP
    12                  
    13  010B:           WAITKEYS:
    14                  
    15  010B: 78 30     	MOV R0, #CSDS
    16                  
    17  010D:           L12:
    18  010D: 79 01     	MOV R1, #00000001B
    19  010F: 7A 00     	MOV R2, #00000000B
    20  0111: 7B 06     	MOV R3, #6
    21                  	
    22                  
    23  0113: E9        LOOP:	MOV A, R1
    24  0114: F2        	MOVX @R0, A
    25  0115: 30 B5 02  	JNB P3.5, L11
    26  0118: 4A        	ORL A, R2
    27  0119: FA        	MOV R2, A
    28                  
    29  011A: E9        L11:	MOV A, R1
    30  011B: 23        	RL A
    31  011C: F9        	MOV R1, A
    32                  	
    33  011D: DB F4     	DJNZ R3, LOOP
    34  011F: EA        	MOV A, R2
    35  0120: 60 EB     	JZ L12
    36                  
    37  0122: 7C 00     	MOV R4, #0
    38  0124:           L13:
    39  0124: 13        	RRC A
    40  0125: 0C        	INC R4
    41  0126: 50 FC     	JNC L13
    42  0128: EC        	MOV A, R4
    43  0129: 22        	RET
