     1  0000: 02 01 00  	LJMP	START
     2  0100:           	ORG	100H
     3                  
     4  0100:           START:
     5  0100: 12 81 0C  	LCALL LCD_CLR
     6                  
     7  0103: C2 97     	CLR P1.7
     8                  
     9  0105: 74 64     	MOV A, #100	
    10  0107: 12 01 0E  	LCALL PRAWIEJAKDELAY
    11                  	
    12  010A: D2 97     	SETB P1.7
    13                  	
    14                  
    15  010C:           STOP:
    16  010C: 80 FE     	SJMP	STOP
    17                  
    18  010E:           PRAWIEJAKDELAY:
    19                  
    20  010E: 60 1C     	JZ L12
    21                  	
    22                  	
    23  0110: 75 89 01  	MOV TMOD, #00000001B	;GATE 0, CZAS WEWNÊTRZNY, TRYB 1
    24                  
    25  0113: 75 8C 4C  	MOV TH0, #76
    26  0116: 75 8A 00  	MOV TL0, #0
    27                  
    28  0119:           LOOP2:
    29  0119: 79 02     	MOV R1, #2
    30                  
    31  011B:           LOOP1:	
    32  011B: D2 8C     	SETB TR0
    33  011D:           L11:	
    34  011D: 30 8D FD  	JNB TF0, L11
    35  0120: C2 8C     	CLR TR0
    36  0122: C2 8D     	CLR TF0
    37  0124: 75 8C 4C  	MOV TH0, #76
    38                  
    39  0127: D9 F2     	DJNZ R1, LOOP1
    40                  	
    41  0129: D5 E0 ED  	DJNZ ACC, LOOP2
    42                  
    43  012C:           L12:
    44  012C: 22        	RET
