     1                  
     2  0000: 02 01 00  	LJMP	START
     3  0100:           	ORG	100H
     4  0100:           START:
     5  0100: 12 81 0C  	LCALL LCD_CLR
     6                  	
     7  0103: 12 81 1C  LOOP:	LCALL WAIT_KEY
     8  0106: 24 30     	ADD A, #'0'
     9  0108: 12 01 0D  	LCALL WR_DATA
    10                  	
    11  010B: 80 F6     	SJMP LOOP
    12                  
    13  010D:           WR_DATA:
    14  010D: 78 81     	MOV R0, #LCDWD
    15  010F: 79 82     	MOV R1, #LCDRC
    16  0111: C0 E0     	PUSH ACC
    17                  
    18  0113:           L11:
    19  0113: E3        	MOVX A, @R1
    20  0114: 20 E7 FC  	JB ACC.7, L11
    21                  
    22  0117: B4 10 04  	CJNE A, #10H, L12
    23  011A: 74 40     	MOV A, #40H
    24  011C: 80 05     	SJMP L14
    25                  	
    26  011E:           L12:
    27                  
    28  011E: B4 32 07  	CJNE A, #50, L13
    29  0121: 74 00     	MOV A, #00H
    30                  
    31  0123:           L14:
    32  0123: D2 E7     	SETB ACC.7
    33  0125: 78 80     	MOV R0, #LCDWC
    34  0127: F2        	MOVX @R0, A
    35                  	
    36  0128:           L13:
    37                  
    38  0128: 78 80     	MOV R0, #LCDWC
    39                  
    40  012A: D0 E0     	POP ACC
    41  012C: F2        	MOVX @R0, A
    42  012D: 22        	RET
