     1                  
     2  0000: 02 01 00  	LJMP	START
     3  0100:           	ORG	100H
     4  0100:           START:
     5  0100: 12 81 0C  	LCALL LCD_CLR
     6                  	
     7  0103: 12 81 1C  LOOP:	LCALL WAIT_KEY
     8  0106: 24 30     	ADD A, #'0'
     9  0108: 12 01 0D  	LCALL WR_DATA
    10                  	
    11  010B: 80 F6     	SJMP LOOP
    12                  
    13  010D:           WR_DATA:
    14  010D: 78 81     	MOV R0, #LCDWD
    15  010F: 79 82     	MOV R1, #LCDRC
    16  0111: C0 E0     	PUSH ACC
    17                  
    18  0113:           L11:
    19  0113: E3        	MOVX A, @R1
    20  0114: 20 E7 FC  	JB ACC.7, L11
    21  0117: D0 E0     	POP ACC
    22  0119: F2        	MOVX @R0, A
    23  011A: 22        	RET
