     1                  
     2  0000: 02 01 00  	LJMP	START
     3  0100:           	ORG	100H
     4  0100:           START:
     5  0100: 12 81 0C  	LCALL LCD_CLR
     6                  	
     7  0103:           LOOP:	
     8                  	
     9                  	
    10  0103: 90 01 22  	MOV	DPTR,#TEXT
    11  0106: 93        	MOVC	A,@A+DPTR
    12  0107: 12 01 14  	LCALL WR_DATA
    13                  	
    14  010A: 74 04     	MOV	A,#4
    15  010C: 12 81 12  	LCALL	DELAY_100MS	
    16  010F: 74 1C     	MOV	A,#00011100B	
    17  0111: 04        	INC	A
    18  0112: 80 EF     	SJMP LOOP
    19                  
    20  0114:           WR_DATA:
    21  0114: 78 81     	MOV R0, #LCDWD
    22  0116: 79 82     	MOV R1, #LCDRC
    23  0118: C0 E0     	PUSH ACC
    24                  	
    25                  
    26  011A:           L11:
    27  011A: E3        	MOVX A, @R1
    28  011B: 20 E7 FC  	JB ACC.7, L11
    29  011E: D0 E0     	POP ACC
    30  0120: F2        	MOVX @R0, A
    31  0121: 22        	RET
    32                  
    33                  
    34  0122:           TEXT:
    35                  
    36  0122: 53 50 52  	DB 'SPRZEDAM OPLA ',0	
        0125: 5A 45 44 
        0128: 41 4D 20 
        012B: 4F 50 4C 
        012E: 41 20 00 
