     1  0000: 02 01 00  	LJMP START
     2                  
     3  0100:           	ORG 100H
     4                  
     5  0100:           START:	
     6                  
     7  0100: 12 81 0C  	LCALL LCD_CLR
     8                  
     9  0103: 74 D6     	MOV A, #11010110B
    10                  
    11  0105: C2 00     	CLR B0
***** Bù§D 26 : NIEZNANY SYMBOL *****
    12                  
    13  0107: C2 00     	CLR B1
***** Bù§D 26 : NIEZNANY SYMBOL *****
    14                  
    15  0109: B2 00     	CPL B2
***** Bù§D 26 : NIEZNANY SYMBOL *****
    16                  
    17  010B: B2 00     	CPL B3
***** Bù§D 26 : NIEZNANY SYMBOL *****
    18                  
    19  010D: D2 00     	SETB B4
***** Bù§D 26 : NIEZNANY SYMBOL *****
    20                  
    21  010F: D2 00     	SETB B5
***** Bù§D 26 : NIEZNANY SYMBOL *****
    22                  	
    23  0111: 12 81 04  	LCALL WRITE_HEX
    24                  
    25  0114:           STOP:
    26                  
    27  0114: 80 FE     	SJMP STOP
