     1  0000: 02 01 00  	LJMP START
     2                  
     3  0100:           	ORG 100H
     4                  
     5  0100:           START:	
     6                  
     7  0100: 12 81 0C  	LCALL LCD_CLR
     8                  
     9  0103: 74 D6     	MOV A, #11010110B
    10                  
    11  0105: 75 F0 FC  	MOV B, #11111100B
    12                  
    13  0108: 55 F0     	ANL A, B
    14                  
    15  010A: 75 F0 0C  	MOV B, #00001100B
    16                  
    17  010D: 65 F0     	XRL A, B
    18                  
    19  010F: 75 F0 30  	MOV B, #00110000B
    20                  
    21  0112: 45 F0     	ORL A, B
    22                  
    23  0114: 12 81 04  	LCALL WRITE_HEX
    24                  
    25  0117:           STOP:
    26                  
    27  0117: 80 FE     	SJMP STOP
