     1                  LJMP START
***** Bù§D 2 : NIEZNANY MNEMONIK *****
     2                  
     3  0100:           	ORG 100H
     4                  
     5  0100:           START:	
     6                  
     7  0100: 12 81 0C  	LCALL LCD_CLR
     8                  
     9                  	mov A, #10110110B
***** Bù§D 2 : NIEZNANY MNEMONIK *****
    10                  
    11  0103: 75 F0 FC  	MOV B, #11111100B
    12                  
    13  0106: 55 F0     	ANL A, B
    14                  
    15  0108: 75 F0 00  	MOV B, #00001100b
***** Bù§D 24 : ZùY FORMAT LICZBY *****
    16                  
    17                  	XLR A, B
***** Bù§D 2 : NIEZNANY MNEMONIK *****
    18                  
    19  010B: 75 F0 30  	MOV B, #00110000B
    20                  
    21  010E: 45 F0     	ORL A, B
    22                  
    23  0110: 12 81 04  	LCALL WRITE_HEX
    24                  
    25  0113: 79 08     	MOV R1, #8
    26                  
    27  0115:           L1:
    28                  
    29                  	RL
***** Bù§D 9 : ZùA LICZBA OPERAND‡W *****
    30                  
    31  0115: 40 03     	JC L2
    32                  
    33                  	MOV A. #'0'
***** Bù§D 9 : ZùA LICZBA OPERAND‡W *****
    34                  
    35  0117: 12 81 02  	LCALL WRITE_DATA
    36                  
    37                  	
    38  011A:           L2:	
    39                  	
    40  011A: 74 31     	MOV A, #'1'
    41                  
    42  011C: 12 81 02  	LCALL WRITE_DATA
    43                  
    44  011F: D9 F4     	DJNZ R1, L1
    45                  
    46                  
    47  0121:           STOP:
    48                  
    49  0121: 80 FE     	SJMP STOP
