     1  0000: 02 01 00  	LJMP	START
     2  0100:           	ORG	100H
     3                  
     4  0100:           START:
     5  0100: 12 81 0C  	LCALL LCD_CLR
     6                  
     7  0103: 78 30     	MOV R0, #CSDS
     8  0105: 74 21     	MOV A, #00100001B
     9  0107: F2        	MOVX @R0,A
    10  0108: 79 38     	MOV R1, #CSDB
    11  010A: 74 49     	MOV A, #01001001B
    12  010C: F3        	MOVX @R1,A
    13                  	
    14  010D: 12 81 18  LOOP:	LCALL TEST_ENTER
    15  0110: 92 96     	MOV P1.6, C
    16                  	
    17                  	
    18  0112: 80 F9     	SJMP	LOOP
    19                  
    20                  
