     1  0000: 02 01 00  	LJMP	START
     2  0100:           	ORG	100H
     3                  
     4  0100:           START:
     5  0100: 12 81 0C  	LCALL LCD_CLR
     6                  
     7  0103: 12 81 1C  	LCALL WAIT_KEY
     8                  	
     9  0106: 79 38     	MOV R1, #CSDB
    10  0108: 90 01 16  	MOV DPTR, #DIG
    11  010B: 93        	MOVC A, @A+DPTR
    12  010C: F3        	MOVX @R1, A
    13                  
    14  010D: 78 30     	MOV R0, #CSDS
    15  010F: 74 01     	MOV A, #00000001B
    16  0111: F2        	MOVX @R0, A
    17                  
    18                  
    19  0112: C2 96     	CLR P1.6
    20                  	
    21  0114:           STOP:
    22  0114: 80 FE     	SJMP	STOP
    23                  
    24  0116:           DIG:
    25  0116: 3F        	DB 00111111B; KOD 0
    26  0117: 06        	DB 00000110B; KOD 1
    27  0118: 5B        	DB 01011011B; 2
    28  0119: 4F        	DB 01001111B; 3
    29  011A: 66        	DB 01100110B; 4
    30  011B: 6D        	DB 01101101B; 5
    31  011C: 7D        	DB 01111101B; 6
    32  011D: 07        	DB 00000111B; 7
    33  011E: 7F        	DB 01111111B; 8
    34  011F: 6F        	DB 01101111B; 9
    35                  
