     1  0000: 02 01 00  	LJMP START
     2                  
     3  0100:           	ORG 100H
     4                  
     5  0100:           START:	
     6                  
     7  0100: 12 81 0C  	LCALL LCD_CLR
     8                  
     9  0103: 12 81 1C  	LCALL WAIT_KEY	
    10                  
    11  0106: F9        	MOV R1, A
    12                  
    13  0107: 12 81 04  	LCALL WRITE_HEX
    14                  
    15  010A: 74 2B     	MOV A, #'+'
    16                  
    17  010C: 12 81 02  	LCALL WRITE_DATA
    18                  
    19  010F: 12 81 1C  	LCALL WAIT_KEY
    20                  
    21  0112: FA        	MOV R2, A
    22                  
    23  0113: 12 81 04  	LCALL WRITE_HEX
    24                  
    25  0116: 74 3D     	MOV A, #'='
    26                  
    27  0118: 12 81 02  	LCALL WRITE_DATA
    28                  
    29  011B: E9        	MOV A, R1
    30                  
    31  011C: 2A        	ADD A, R2
    32                  
    33  011D: FB        	MOV R3, A
    34                  
    35  011E: 12 81 04  	LCALL WRITE_HEX
    36                  
    37  0121:           STOP:
    38                  
    39  0121: 80 FE     	SJMP STOP
