     1  0000: 02 01 00  	LJMP START
     2                  
     3  0100:           	ORG 100H
     4                  
     5  0100:           START:	
     6                  
     7  0100: 12 81 0C  	LCALL LCD_CLR
     8                  
     9  0103: 90 01 0B  	MOV DPTR, #TXT
    10                  
    11  0106: 12 81 00  	LCALL WRITE_TEXT
    12                  
    13                  
    14  0109:           STOP:
    15                  
    16  0109: 80 FE     	SJMP STOP
    17                  
    18  010B:           TXT:
    19                  
    20  010B: 44 5A 49  	DB 'DZIEN DOBRY', 0
        010E: 45 4E 20 
        0111: 44 4F 42 
        0114: 52 59 00 
