     1  0000: 02 01 00  	LJMP START
     2                  
     3  0100:           	ORG 100H
     4                  
     5  0100:           START:	
     6                  
     7  0100: 12 81 0C  	LCALL LCD_CLR
     8                  
     9  0103: 90 01 14  	MOV DPTR, #TXT
    10                  
    11  0106: E4        	CLR A
    12                  
    13  0107:           LOOP:
    14                  
    15  0107: F9        	MOV R1, A
    16                  
    17  0108: 93        	MOVC A, @A+DPTR
    18                  
    19  0109: 60 07     	JZ STOP
    20                  
    21  010B: 12 81 02  	LCALL WRITE_DATA
    22                  
    23  010E: E9        	MOV A, R1
    24                  
    25  010F: 04        	INC A
    26                  	
    27  0110: 80 F5     	SJMP LOOP
    28                  
    29                  
    30  0112:           STOP:
    31                  
    32  0112: 80 FE     	SJMP STOP
    33                  
    34  0114:           TXT:
    35                  
    36  0114: 44 5A 49  	DB 'DZIEN DOBRY', 0
        0117: 45 4E 20 
        011A: 44 4F 42 
        011D: 52 59 00 
